{"C:\\Wentrite Technologies\\Google_Chrome_Extension\\Jest_Sonarqube_Extension\\Whatsapp_Extension\\frontend\\src\\hooks\\useWhatsAppService.ts": {"path":"C:\\Wentrite Technologies\\Google_Chrome_Extension\\Jest_Sonarqube_Extension\\Whatsapp_Extension\\frontend\\src\\hooks\\useWhatsAppService.ts","statementMap":{"0":{"start":{"line":51,"column":34},"end":{"line":189,"column":1}},"1":{"start":{"line":52,"column":36},"end":{"line":52,"column":51}},"2":{"start":{"line":53,"column":42},"end":{"line":53,"column":57}},"3":{"start":{"line":54,"column":44},"end":{"line":54,"column":59}},"4":{"start":{"line":55,"column":34},"end":{"line":55,"column":68}},"5":{"start":{"line":56,"column":26},"end":{"line":56,"column":45}},"6":{"start":{"line":57,"column":28},"end":{"line":57,"column":57}},"7":{"start":{"line":59,"column":2},"end":{"line":104,"column":9}},"8":{"start":{"line":60,"column":23},"end":{"line":64,"column":6}},"9":{"start":{"line":61,"column":6},"end":{"line":61,"column":25}},"10":{"start":{"line":62,"column":6},"end":{"line":62,"column":21}},"11":{"start":{"line":63,"column":6},"end":{"line":63,"column":46}},"12":{"start":{"line":65,"column":25},"end":{"line":70,"column":6}},"13":{"start":{"line":66,"column":6},"end":{"line":66,"column":26}},"14":{"start":{"line":67,"column":6},"end":{"line":67,"column":29}},"15":{"start":{"line":68,"column":6},"end":{"line":68,"column":30}},"16":{"start":{"line":69,"column":6},"end":{"line":69,"column":49}},"17":{"start":{"line":71,"column":29},"end":{"line":73,"column":6}},"18":{"start":{"line":72,"column":6},"end":{"line":72,"column":43}},"19":{"start":{"line":74,"column":31},"end":{"line":77,"column":6}},"20":{"start":{"line":75,"column":6},"end":{"line":75,"column":27}},"21":{"start":{"line":76,"column":6},"end":{"line":76,"column":47}},"22":{"start":{"line":78,"column":30},"end":{"line":81,"column":6}},"23":{"start":{"line":79,"column":6},"end":{"line":79,"column":64}},"24":{"start":{"line":80,"column":6},"end":{"line":80,"column":86}},"25":{"start":{"line":82,"column":31},"end":{"line":89,"column":6}},"26":{"start":{"line":83,"column":6},"end":{"line":83,"column":25}},"27":{"start":{"line":84,"column":6},"end":{"line":84,"column":29}},"28":{"start":{"line":85,"column":6},"end":{"line":85,"column":30}},"29":{"start":{"line":86,"column":6},"end":{"line":86,"column":44}},"30":{"start":{"line":87,"column":6},"end":{"line":87,"column":55}},"31":{"start":{"line":88,"column":6},"end":{"line":88,"column":105}},"32":{"start":{"line":90,"column":30},"end":{"line":94,"column":6}},"33":{"start":{"line":91,"column":6},"end":{"line":91,"column":34}},"34":{"start":{"line":92,"column":6},"end":{"line":92,"column":59}},"35":{"start":{"line":93,"column":6},"end":{"line":93,"column":49}},"36":{"start":{"line":95,"column":4},"end":{"line":103,"column":6}},"37":{"start":{"line":96,"column":6},"end":{"line":96,"column":19}},"38":{"start":{"line":97,"column":6},"end":{"line":97,"column":21}},"39":{"start":{"line":98,"column":6},"end":{"line":98,"column":25}},"40":{"start":{"line":99,"column":6},"end":{"line":99,"column":27}},"41":{"start":{"line":100,"column":6},"end":{"line":100,"column":26}},"42":{"start":{"line":101,"column":6},"end":{"line":101,"column":27}},"43":{"start":{"line":102,"column":6},"end":{"line":102,"column":26}},"44":{"start":{"line":106,"column":21},"end":{"line":108,"column":8}},"45":{"start":{"line":107,"column":4},"end":{"line":107,"column":19}},"46":{"start":{"line":110,"column":23},"end":{"line":120,"column":8}},"47":{"start":{"line":111,"column":4},"end":{"line":119,"column":5}},"48":{"start":{"line":112,"column":6},"end":{"line":112,"column":21}},"49":{"start":{"line":113,"column":21},"end":{"line":113,"column":56}},"50":{"start":{"line":114,"column":6},"end":{"line":116,"column":7}},"51":{"start":{"line":115,"column":8},"end":{"line":115,"column":31}},"52":{"start":{"line":118,"column":6},"end":{"line":118,"column":39}},"53":{"start":{"line":122,"column":22},"end":{"line":128,"column":8}},"54":{"start":{"line":123,"column":4},"end":{"line":127,"column":5}},"55":{"start":{"line":124,"column":6},"end":{"line":124,"column":41}},"56":{"start":{"line":126,"column":6},"end":{"line":126,"column":39}},"57":{"start":{"line":130,"column":22},"end":{"line":143,"column":8}},"58":{"start":{"line":131,"column":4},"end":{"line":142,"column":5}},"59":{"start":{"line":132,"column":6},"end":{"line":132,"column":21}},"60":{"start":{"line":133,"column":23},"end":{"line":133,"column":36}},"61":{"start":{"line":134,"column":21},"end":{"line":134,"column":68}},"62":{"start":{"line":135,"column":6},"end":{"line":138,"column":7}},"63":{"start":{"line":136,"column":8},"end":{"line":136,"column":31}},"64":{"start":{"line":137,"column":8},"end":{"line":137,"column":38}},"65":{"start":{"line":140,"column":6},"end":{"line":140,"column":39}},"66":{"start":{"line":141,"column":6},"end":{"line":141,"column":16}},"67":{"start":{"line":145,"column":20},"end":{"line":162,"column":8}},"68":{"start":{"line":146,"column":4},"end":{"line":146,"column":26}},"69":{"start":{"line":147,"column":4},"end":{"line":147,"column":27}},"70":{"start":{"line":148,"column":4},"end":{"line":148,"column":52}},"71":{"start":{"line":149,"column":4},"end":{"line":149,"column":19}},"72":{"start":{"line":150,"column":4},"end":{"line":161,"column":5}},"73":{"start":{"line":151,"column":21},"end":{"line":151,"column":57}},"74":{"start":{"line":152,"column":6},"end":{"line":156,"column":7}},"75":{"start":{"line":153,"column":8},"end":{"line":153,"column":31}},"76":{"start":{"line":154,"column":8},"end":{"line":154,"column":31}},"77":{"start":{"line":155,"column":8},"end":{"line":155,"column":32}},"78":{"start":{"line":158,"column":6},"end":{"line":158,"column":39}},"79":{"start":{"line":159,"column":6},"end":{"line":159,"column":29}},"80":{"start":{"line":160,"column":6},"end":{"line":160,"column":30}},"81":{"start":{"line":164,"column":19},"end":{"line":172,"column":8}},"82":{"start":{"line":165,"column":4},"end":{"line":171,"column":5}},"83":{"start":{"line":166,"column":6},"end":{"line":166,"column":38}},"84":{"start":{"line":168,"column":6},"end":{"line":168,"column":29}},"85":{"start":{"line":169,"column":6},"end":{"line":169,"column":30}},"86":{"start":{"line":170,"column":6},"end":{"line":170,"column":44}},"87":{"start":{"line":174,"column":2},"end":{"line":188,"column":4}}},"fnMap":{"0":{"name":"(anonymous_0)","decl":{"start":{"line":51,"column":34},"end":{"line":51,"column":35}},"loc":{"start":{"line":51,"column":66},"end":{"line":189,"column":1}},"line":51},"1":{"name":"(anonymous_1)","decl":{"start":{"line":59,"column":12},"end":{"line":59,"column":13}},"loc":{"start":{"line":59,"column":18},"end":{"line":104,"column":3}},"line":59},"2":{"name":"(anonymous_2)","decl":{"start":{"line":60,"column":46},"end":{"line":60,"column":47}},"loc":{"start":{"line":60,"column":52},"end":{"line":64,"column":5}},"line":60},"3":{"name":"(anonymous_3)","decl":{"start":{"line":65,"column":50},"end":{"line":65,"column":51}},"loc":{"start":{"line":65,"column":56},"end":{"line":70,"column":5}},"line":65},"4":{"name":"(anonymous_4)","decl":{"start":{"line":71,"column":58},"end":{"line":71,"column":59}},"loc":{"start":{"line":71,"column":85},"end":{"line":73,"column":5}},"line":71},"5":{"name":"(anonymous_5)","decl":{"start":{"line":74,"column":62},"end":{"line":74,"column":63}},"loc":{"start":{"line":74,"column":91},"end":{"line":77,"column":5}},"line":74},"6":{"name":"(anonymous_6)","decl":{"start":{"line":78,"column":60},"end":{"line":78,"column":61}},"loc":{"start":{"line":78,"column":88},"end":{"line":81,"column":5}},"line":78},"7":{"name":"(anonymous_7)","decl":{"start":{"line":82,"column":62},"end":{"line":82,"column":63}},"loc":{"start":{"line":82,"column":91},"end":{"line":89,"column":5}},"line":82},"8":{"name":"(anonymous_8)","decl":{"start":{"line":90,"column":60},"end":{"line":90,"column":61}},"loc":{"start":{"line":90,"column":88},"end":{"line":94,"column":5}},"line":90},"9":{"name":"(anonymous_9)","decl":{"start":{"line":95,"column":11},"end":{"line":95,"column":12}},"loc":{"start":{"line":95,"column":17},"end":{"line":103,"column":5}},"line":95},"10":{"name":"(anonymous_10)","decl":{"start":{"line":106,"column":33},"end":{"line":106,"column":34}},"loc":{"start":{"line":106,"column":39},"end":{"line":108,"column":3}},"line":106},"11":{"name":"(anonymous_11)","decl":{"start":{"line":110,"column":35},"end":{"line":110,"column":36}},"loc":{"start":{"line":110,"column":47},"end":{"line":120,"column":3}},"line":110},"12":{"name":"(anonymous_12)","decl":{"start":{"line":122,"column":34},"end":{"line":122,"column":35}},"loc":{"start":{"line":122,"column":46},"end":{"line":128,"column":3}},"line":122},"13":{"name":"(anonymous_13)","decl":{"start":{"line":130,"column":34},"end":{"line":130,"column":35}},"loc":{"start":{"line":130,"column":72},"end":{"line":143,"column":3}},"line":130},"14":{"name":"(anonymous_14)","decl":{"start":{"line":145,"column":32},"end":{"line":145,"column":33}},"loc":{"start":{"line":145,"column":68},"end":{"line":162,"column":3}},"line":145},"15":{"name":"(anonymous_15)","decl":{"start":{"line":164,"column":31},"end":{"line":164,"column":32}},"loc":{"start":{"line":164,"column":43},"end":{"line":172,"column":3}},"line":164}},"branchMap":{"0":{"loc":{"start":{"line":114,"column":6},"end":{"line":116,"column":7}},"type":"if","locations":[{"start":{"line":114,"column":6},"end":{"line":116,"column":7}},{"start":{},"end":{}}],"line":114},"1":{"loc":{"start":{"line":114,"column":10},"end":{"line":114,"column":41}},"type":"binary-expr","locations":[{"start":{"line":114,"column":10},"end":{"line":114,"column":25}},{"start":{"line":114,"column":29},"end":{"line":114,"column":41}}],"line":114},"2":{"loc":{"start":{"line":135,"column":6},"end":{"line":138,"column":7}},"type":"if","locations":[{"start":{"line":135,"column":6},"end":{"line":138,"column":7}},{"start":{},"end":{}}],"line":135},"3":{"loc":{"start":{"line":135,"column":10},"end":{"line":135,"column":41}},"type":"binary-expr","locations":[{"start":{"line":135,"column":10},"end":{"line":135,"column":25}},{"start":{"line":135,"column":29},"end":{"line":135,"column":41}}],"line":135},"4":{"loc":{"start":{"line":152,"column":6},"end":{"line":156,"column":7}},"type":"if","locations":[{"start":{"line":152,"column":6},"end":{"line":156,"column":7}},{"start":{},"end":{}}],"line":152},"5":{"loc":{"start":{"line":152,"column":10},"end":{"line":152,"column":41}},"type":"binary-expr","locations":[{"start":{"line":152,"column":10},"end":{"line":152,"column":25}},{"start":{"line":152,"column":29},"end":{"line":152,"column":41}}],"line":152}},"s":{"0":1,"1":18,"2":18,"3":18,"4":18,"5":18,"6":18,"7":18,"8":5,"9":5,"10":5,"11":5,"12":5,"13":0,"14":0,"15":0,"16":0,"17":5,"18":0,"19":5,"20":0,"21":0,"22":5,"23":0,"24":0,"25":5,"26":0,"27":0,"28":0,"29":0,"30":0,"31":0,"32":5,"33":0,"34":0,"35":0,"36":5,"37":5,"38":5,"39":5,"40":5,"41":5,"42":5,"43":5,"44":18,"45":1,"46":18,"47":2,"48":2,"49":2,"50":2,"51":1,"52":0,"53":18,"54":0,"55":0,"56":0,"57":18,"58":2,"59":2,"60":2,"61":2,"62":1,"63":0,"64":0,"65":1,"66":1,"67":18,"68":2,"69":2,"70":2,"71":2,"72":2,"73":2,"74":2,"75":0,"76":0,"77":0,"78":0,"79":0,"80":0,"81":18,"82":1,"83":1,"84":1,"85":1,"86":1,"87":18},"f":{"0":18,"1":5,"2":5,"3":0,"4":0,"5":0,"6":0,"7":0,"8":0,"9":5,"10":1,"11":2,"12":0,"13":2,"14":2,"15":1},"b":{"0":[1,1],"1":[2,1],"2":[0,1],"3":[1,0],"4":[0,2],"5":[2,0]},"_coverageSchema":"1a1c01bbd47fc00a2c39e90264f33305004495a9","hash":"2725e8ecf9063b3ce29445535302b2500fcfa2d0"}
,"C:\\Wentrite Technologies\\Google_Chrome_Extension\\Jest_Sonarqube_Extension\\Whatsapp_Extension\\frontend\\src\\renderer\\components\\SingleMessage.tsx": {"path":"C:\\Wentrite Technologies\\Google_Chrome_Extension\\Jest_Sonarqube_Extension\\Whatsapp_Extension\\frontend\\src\\renderer\\components\\SingleMessage.tsx","statementMap":{"0":{"start":{"line":33,"column":26},"end":{"line":33,"column":61}},"1":{"start":{"line":34,"column":28},"end":{"line":34,"column":40}},"2":{"start":{"line":35,"column":28},"end":{"line":35,"column":55}},"3":{"start":{"line":36,"column":42},"end":{"line":36,"column":54}},"4":{"start":{"line":37,"column":34},"end":{"line":37,"column":56}},"5":{"start":{"line":38,"column":24},"end":{"line":38,"column":36}},"6":{"start":{"line":39,"column":26},"end":{"line":39,"column":41}},"7":{"start":{"line":40,"column":44},"end":{"line":40,"column":59}},"8":{"start":{"line":41,"column":36},"end":{"line":41,"column":67}},"9":{"start":{"line":42,"column":32},"end":{"line":42,"column":47}},"10":{"start":{"line":44,"column":2},"end":{"line":49,"column":9}},"11":{"start":{"line":45,"column":18},"end":{"line":45,"column":54}},"12":{"start":{"line":46,"column":4},"end":{"line":46,"column":43}},"13":{"start":{"line":46,"column":15},"end":{"line":46,"column":43}},"14":{"start":{"line":47,"column":27},"end":{"line":47,"column":67}},"15":{"start":{"line":48,"column":4},"end":{"line":48,"column":65}},"16":{"start":{"line":48,"column":24},"end":{"line":48,"column":65}},"17":{"start":{"line":51,"column":15},"end":{"line":75,"column":3}},"18":{"start":{"line":52,"column":4},"end":{"line":52,"column":51}},"19":{"start":{"line":52,"column":21},"end":{"line":52,"column":51}},"20":{"start":{"line":54,"column":8},"end":{"line":58,"column":16}},"21":{"start":{"line":55,"column":14},"end":{"line":55,"column":44}},"22":{"start":{"line":57,"column":15},"end":{"line":57,"column":33}},"23":{"start":{"line":60,"column":4},"end":{"line":60,"column":61}},"24":{"start":{"line":60,"column":29},"end":{"line":60,"column":61}},"25":{"start":{"line":61,"column":4},"end":{"line":61,"column":21}},"26":{"start":{"line":62,"column":4},"end":{"line":74,"column":1}},"27":{"start":{"line":64,"column":6},"end":{"line":64,"column":33}},"28":{"start":{"line":65,"column":9},"end":{"line":65,"column":45}},"29":{"start":{"line":67,"column":8},"end":{"line":71,"column":14}},"30":{"start":{"line":68,"column":10},"end":{"line":68,"column":42}},"31":{"start":{"line":70,"column":13},"end":{"line":70,"column":31}},"32":{"start":{"line":73,"column":14},"end":{"line":73,"column":32}},"33":{"start":{"line":77,"column":22},"end":{"line":77,"column":60}},"34":{"start":{"line":77,"column":38},"end":{"line":77,"column":59}},"35":{"start":{"line":79,"column":2},"end":{"line":141,"column":4}},"36":{"start":{"line":84,"column":31},"end":{"line":84,"column":47}},"37":{"start":{"line":85,"column":31},"end":{"line":85,"column":46}},"38":{"start":{"line":89,"column":86},"end":{"line":89,"column":110}},"39":{"start":{"line":93,"column":60},"end":{"line":93,"column":92}},"40":{"start":{"line":93,"column":93},"end":{"line":93,"column":109}},"41":{"start":{"line":95,"column":30},"end":{"line":95,"column":101}},"42":{"start":{"line":97,"column":35},"end":{"line":97,"column":49}},"43":{"start":{"line":105,"column":41},"end":{"line":105,"column":74}},"44":{"start":{"line":106,"column":41},"end":{"line":106,"column":56}},"45":{"start":{"line":111,"column":18},"end":{"line":114,"column":26}},"46":{"start":{"line":112,"column":90},"end":{"line":112,"column":174}},"47":{"start":{"line":112,"column":146},"end":{"line":112,"column":153}},"48":{"start":{"line":120,"column":84},"end":{"line":120,"column":98}},"49":{"start":{"line":127,"column":33},"end":{"line":127,"column":65}},"50":{"start":{"line":132,"column":126},"end":{"line":132,"column":142}},"51":{"start":{"line":132,"column":143},"end":{"line":132,"column":167}},"52":{"start":{"line":134,"column":47},"end":{"line":134,"column":69}},"53":{"start":{"line":145,"column":39},"end":{"line":145,"column":44}},"54":{"start":{"line":146,"column":26},"end":{"line":146,"column":38}},"55":{"start":{"line":147,"column":34},"end":{"line":147,"column":46}},"56":{"start":{"line":148,"column":44},"end":{"line":148,"column":56}},"57":{"start":{"line":149,"column":48},"end":{"line":149,"column":70}},"58":{"start":{"line":150,"column":36},"end":{"line":150,"column":48}},"59":{"start":{"line":152,"column":15},"end":{"line":163,"column":3}},"60":{"start":{"line":153,"column":4},"end":{"line":153,"column":60}},"61":{"start":{"line":153,"column":28},"end":{"line":153,"column":60}},"62":{"start":{"line":154,"column":16},"end":{"line":154,"column":70}},"63":{"start":{"line":154,"column":46},"end":{"line":154,"column":54}},"64":{"start":{"line":154,"column":68},"end":{"line":154,"column":69}},"65":{"start":{"line":155,"column":4},"end":{"line":155,"column":67}},"66":{"start":{"line":155,"column":26},"end":{"line":155,"column":67}},"67":{"start":{"line":156,"column":33},"end":{"line":156,"column":83}},"68":{"start":{"line":157,"column":20},"end":{"line":157,"column":39}},"69":{"start":{"line":158,"column":4},"end":{"line":158,"column":22}},"70":{"start":{"line":159,"column":4},"end":{"line":159,"column":66}},"71":{"start":{"line":160,"column":4},"end":{"line":160,"column":16}},"72":{"start":{"line":161,"column":4},"end":{"line":161,"column":20}},"73":{"start":{"line":162,"column":4},"end":{"line":162,"column":34}},"74":{"start":{"line":165,"column":23},"end":{"line":168,"column":3}},"75":{"start":{"line":166,"column":4},"end":{"line":166,"column":30}},"76":{"start":{"line":167,"column":4},"end":{"line":167,"column":43}},"77":{"start":{"line":170,"column":24},"end":{"line":174,"column":3}},"78":{"start":{"line":171,"column":4},"end":{"line":171,"column":25}},"79":{"start":{"line":172,"column":4},"end":{"line":172,"column":27}},"80":{"start":{"line":173,"column":4},"end":{"line":173,"column":21}},"81":{"start":{"line":176,"column":22},"end":{"line":185,"column":3}},"82":{"start":{"line":177,"column":4},"end":{"line":177,"column":79}},"83":{"start":{"line":177,"column":38},"end":{"line":177,"column":79}},"84":{"start":{"line":178,"column":20},"end":{"line":180,"column":5}},"85":{"start":{"line":179,"column":6},"end":{"line":179,"column":70}},"86":{"start":{"line":181,"column":4},"end":{"line":181,"column":22}},"87":{"start":{"line":182,"column":4},"end":{"line":182,"column":66}},"88":{"start":{"line":183,"column":4},"end":{"line":183,"column":20}},"89":{"start":{"line":184,"column":4},"end":{"line":184,"column":28}},"90":{"start":{"line":187,"column":20},"end":{"line":192,"column":3}},"91":{"start":{"line":188,"column":4},"end":{"line":188,"column":64}},"92":{"start":{"line":188,"column":27},"end":{"line":188,"column":64}},"93":{"start":{"line":189,"column":4},"end":{"line":189,"column":99}},"94":{"start":{"line":189,"column":36},"end":{"line":189,"column":99}},"95":{"start":{"line":190,"column":4},"end":{"line":190,"column":63}},"96":{"start":{"line":191,"column":4},"end":{"line":191,"column":21}},"97":{"start":{"line":194,"column":23},"end":{"line":196,"column":3}},"98":{"start":{"line":195,"column":4},"end":{"line":195,"column":70}},"99":{"start":{"line":195,"column":56},"end":{"line":195,"column":67}},"100":{"start":{"line":198,"column":21},"end":{"line":203,"column":3}},"101":{"start":{"line":199,"column":4},"end":{"line":199,"column":53}},"102":{"start":{"line":199,"column":46},"end":{"line":199,"column":53}},"103":{"start":{"line":200,"column":20},"end":{"line":200,"column":50}},"104":{"start":{"line":200,"column":38},"end":{"line":200,"column":49}},"105":{"start":{"line":201,"column":4},"end":{"line":201,"column":22}},"106":{"start":{"line":202,"column":4},"end":{"line":202,"column":66}},"107":{"start":{"line":205,"column":2},"end":{"line":281,"column":4}},"108":{"start":{"line":212,"column":41},"end":{"line":212,"column":63}},"109":{"start":{"line":221,"column":33},"end":{"line":221,"column":61}},"110":{"start":{"line":232,"column":14},"end":{"line":237,"column":20}},"111":{"start":{"line":234,"column":39},"end":{"line":234,"column":58}},"112":{"start":{"line":252,"column":83},"end":{"line":252,"column":106}},"113":{"start":{"line":253,"column":133},"end":{"line":253,"column":160}},"114":{"start":{"line":261,"column":14},"end":{"line":271,"column":20}},"115":{"start":{"line":264,"column":41},"end":{"line":264,"column":59}},"116":{"start":{"line":267,"column":41},"end":{"line":267,"column":60}},"117":{"start":{"line":285,"column":26},"end":{"line":285,"column":38}},"118":{"start":{"line":286,"column":32},"end":{"line":286,"column":44}},"119":{"start":{"line":288,"column":15},"end":{"line":297,"column":3}},"120":{"start":{"line":289,"column":4},"end":{"line":289,"column":59}},"121":{"start":{"line":289,"column":27},"end":{"line":289,"column":59}},"122":{"start":{"line":290,"column":41},"end":{"line":290,"column":85}},"123":{"start":{"line":291,"column":20},"end":{"line":291,"column":47}},"124":{"start":{"line":292,"column":4},"end":{"line":292,"column":26}},"125":{"start":{"line":293,"column":4},"end":{"line":293,"column":70}},"126":{"start":{"line":294,"column":4},"end":{"line":294,"column":16}},"127":{"start":{"line":295,"column":4},"end":{"line":295,"column":19}},"128":{"start":{"line":296,"column":4},"end":{"line":296,"column":30}},"129":{"start":{"line":299,"column":14},"end":{"line":304,"column":3}},"130":{"start":{"line":300,"column":4},"end":{"line":300,"column":36}},"131":{"start":{"line":300,"column":29},"end":{"line":300,"column":36}},"132":{"start":{"line":301,"column":20},"end":{"line":301,"column":56}},"133":{"start":{"line":301,"column":44},"end":{"line":301,"column":55}},"134":{"start":{"line":302,"column":4},"end":{"line":302,"column":26}},"135":{"start":{"line":303,"column":4},"end":{"line":303,"column":70}},"136":{"start":{"line":306,"column":2},"end":{"line":340,"column":4}},"137":{"start":{"line":312,"column":10},"end":{"line":330,"column":16}},"138":{"start":{"line":315,"column":29},"end":{"line":315,"column":48}},"139":{"start":{"line":329,"column":35},"end":{"line":329,"column":44}},"140":{"start":{"line":334,"column":83},"end":{"line":334,"column":106}},"141":{"start":{"line":335,"column":80},"end":{"line":335,"column":106}}},"fnMap":{"0":{"name":"SingleMessage","decl":{"start":{"line":32,"column":24},"end":{"line":32,"column":37}},"loc":{"start":{"line":32,"column":88},"end":{"line":142,"column":1}},"line":32},"1":{"name":"(anonymous_1)","decl":{"start":{"line":44,"column":12},"end":{"line":44,"column":13}},"loc":{"start":{"line":44,"column":18},"end":{"line":49,"column":3}},"line":44},"2":{"name":"(anonymous_2)","decl":{"start":{"line":51,"column":15},"end":{"line":51,"column":16}},"loc":{"start":{"line":51,"column":27},"end":{"line":75,"column":3}},"line":51},"3":{"name":"(anonymous_3)","decl":{"start":{"line":77,"column":33},"end":{"line":77,"column":34}},"loc":{"start":{"line":77,"column":38},"end":{"line":77,"column":59}},"line":77},"4":{"name":"(anonymous_4)","decl":{"start":{"line":84,"column":25},"end":{"line":84,"column":26}},"loc":{"start":{"line":84,"column":31},"end":{"line":84,"column":47}},"line":84},"5":{"name":"(anonymous_5)","decl":{"start":{"line":85,"column":25},"end":{"line":85,"column":26}},"loc":{"start":{"line":85,"column":31},"end":{"line":85,"column":46}},"line":85},"6":{"name":"(anonymous_6)","decl":{"start":{"line":89,"column":79},"end":{"line":89,"column":80}},"loc":{"start":{"line":89,"column":86},"end":{"line":89,"column":110}},"line":89},"7":{"name":"(anonymous_7)","decl":{"start":{"line":93,"column":51},"end":{"line":93,"column":52}},"loc":{"start":{"line":93,"column":58},"end":{"line":93,"column":111}},"line":93},"8":{"name":"(anonymous_8)","decl":{"start":{"line":95,"column":25},"end":{"line":95,"column":26}},"loc":{"start":{"line":95,"column":30},"end":{"line":95,"column":101}},"line":95},"9":{"name":"(anonymous_9)","decl":{"start":{"line":97,"column":29},"end":{"line":97,"column":30}},"loc":{"start":{"line":97,"column":35},"end":{"line":97,"column":49}},"line":97},"10":{"name":"(anonymous_10)","decl":{"start":{"line":105,"column":35},"end":{"line":105,"column":36}},"loc":{"start":{"line":105,"column":41},"end":{"line":105,"column":74}},"line":105},"11":{"name":"(anonymous_11)","decl":{"start":{"line":106,"column":35},"end":{"line":106,"column":36}},"loc":{"start":{"line":106,"column":41},"end":{"line":106,"column":56}},"line":106},"12":{"name":"(anonymous_12)","decl":{"start":{"line":110,"column":42},"end":{"line":110,"column":43}},"loc":{"start":{"line":111,"column":18},"end":{"line":114,"column":26}},"line":111},"13":{"name":"(anonymous_13)","decl":{"start":{"line":112,"column":84},"end":{"line":112,"column":85}},"loc":{"start":{"line":112,"column":90},"end":{"line":112,"column":174}},"line":112},"14":{"name":"(anonymous_14)","decl":{"start":{"line":112,"column":141},"end":{"line":112,"column":142}},"loc":{"start":{"line":112,"column":146},"end":{"line":112,"column":153}},"line":112},"15":{"name":"(anonymous_15)","decl":{"start":{"line":120,"column":78},"end":{"line":120,"column":79}},"loc":{"start":{"line":120,"column":84},"end":{"line":120,"column":98}},"line":120},"16":{"name":"(anonymous_16)","decl":{"start":{"line":127,"column":27},"end":{"line":127,"column":28}},"loc":{"start":{"line":127,"column":33},"end":{"line":127,"column":65}},"line":127},"17":{"name":"(anonymous_17)","decl":{"start":{"line":132,"column":103},"end":{"line":132,"column":104}},"loc":{"start":{"line":132,"column":124},"end":{"line":132,"column":169}},"line":132},"18":{"name":"(anonymous_18)","decl":{"start":{"line":134,"column":40},"end":{"line":134,"column":41}},"loc":{"start":{"line":134,"column":47},"end":{"line":134,"column":69}},"line":134},"19":{"name":"ContactManager","decl":{"start":{"line":144,"column":9},"end":{"line":144,"column":23}},"loc":{"start":{"line":144,"column":62},"end":{"line":282,"column":1}},"line":144},"20":{"name":"(anonymous_20)","decl":{"start":{"line":152,"column":15},"end":{"line":152,"column":16}},"loc":{"start":{"line":152,"column":21},"end":{"line":163,"column":3}},"line":152},"21":{"name":"(anonymous_21)","decl":{"start":{"line":154,"column":41},"end":{"line":154,"column":42}},"loc":{"start":{"line":154,"column":46},"end":{"line":154,"column":54}},"line":154},"22":{"name":"(anonymous_22)","decl":{"start":{"line":154,"column":63},"end":{"line":154,"column":64}},"loc":{"start":{"line":154,"column":68},"end":{"line":154,"column":69}},"line":154},"23":{"name":"(anonymous_23)","decl":{"start":{"line":165,"column":23},"end":{"line":165,"column":24}},"loc":{"start":{"line":165,"column":46},"end":{"line":168,"column":3}},"line":165},"24":{"name":"(anonymous_24)","decl":{"start":{"line":170,"column":24},"end":{"line":170,"column":25}},"loc":{"start":{"line":170,"column":30},"end":{"line":174,"column":3}},"line":170},"25":{"name":"(anonymous_25)","decl":{"start":{"line":176,"column":22},"end":{"line":176,"column":23}},"loc":{"start":{"line":176,"column":28},"end":{"line":185,"column":3}},"line":176},"26":{"name":"(anonymous_26)","decl":{"start":{"line":178,"column":30},"end":{"line":178,"column":31}},"loc":{"start":{"line":179,"column":6},"end":{"line":179,"column":70}},"line":179},"27":{"name":"(anonymous_27)","decl":{"start":{"line":187,"column":20},"end":{"line":187,"column":21}},"loc":{"start":{"line":187,"column":26},"end":{"line":192,"column":3}},"line":187},"28":{"name":"(anonymous_28)","decl":{"start":{"line":194,"column":23},"end":{"line":194,"column":24}},"loc":{"start":{"line":194,"column":42},"end":{"line":196,"column":3}},"line":194},"29":{"name":"(anonymous_29)","decl":{"start":{"line":195,"column":46},"end":{"line":195,"column":47}},"loc":{"start":{"line":195,"column":56},"end":{"line":195,"column":67}},"line":195},"30":{"name":"(anonymous_30)","decl":{"start":{"line":198,"column":21},"end":{"line":198,"column":22}},"loc":{"start":{"line":198,"column":37},"end":{"line":203,"column":3}},"line":198},"31":{"name":"(anonymous_31)","decl":{"start":{"line":200,"column":33},"end":{"line":200,"column":34}},"loc":{"start":{"line":200,"column":38},"end":{"line":200,"column":49}},"line":200},"32":{"name":"(anonymous_32)","decl":{"start":{"line":212,"column":36},"end":{"line":212,"column":37}},"loc":{"start":{"line":212,"column":41},"end":{"line":212,"column":63}},"line":212},"33":{"name":"(anonymous_33)","decl":{"start":{"line":221,"column":26},"end":{"line":221,"column":27}},"loc":{"start":{"line":221,"column":33},"end":{"line":221,"column":61}},"line":221},"34":{"name":"(anonymous_34)","decl":{"start":{"line":231,"column":33},"end":{"line":231,"column":34}},"loc":{"start":{"line":232,"column":14},"end":{"line":237,"column":20}},"line":232},"35":{"name":"(anonymous_35)","decl":{"start":{"line":234,"column":33},"end":{"line":234,"column":34}},"loc":{"start":{"line":234,"column":39},"end":{"line":234,"column":58}},"line":234},"36":{"name":"(anonymous_36)","decl":{"start":{"line":252,"column":76},"end":{"line":252,"column":77}},"loc":{"start":{"line":252,"column":83},"end":{"line":252,"column":106}},"line":252},"37":{"name":"(anonymous_37)","decl":{"start":{"line":253,"column":126},"end":{"line":253,"column":127}},"loc":{"start":{"line":253,"column":133},"end":{"line":253,"column":160}},"line":253},"38":{"name":"(anonymous_38)","decl":{"start":{"line":260,"column":23},"end":{"line":260,"column":24}},"loc":{"start":{"line":261,"column":14},"end":{"line":271,"column":20}},"line":261},"39":{"name":"(anonymous_39)","decl":{"start":{"line":264,"column":35},"end":{"line":264,"column":36}},"loc":{"start":{"line":264,"column":41},"end":{"line":264,"column":59}},"line":264},"40":{"name":"(anonymous_40)","decl":{"start":{"line":267,"column":35},"end":{"line":267,"column":36}},"loc":{"start":{"line":267,"column":41},"end":{"line":267,"column":60}},"line":267},"41":{"name":"TemplateManager","decl":{"start":{"line":284,"column":9},"end":{"line":284,"column":24}},"loc":{"start":{"line":284,"column":86},"end":{"line":341,"column":1}},"line":284},"42":{"name":"(anonymous_42)","decl":{"start":{"line":288,"column":15},"end":{"line":288,"column":16}},"loc":{"start":{"line":288,"column":21},"end":{"line":297,"column":3}},"line":288},"43":{"name":"(anonymous_43)","decl":{"start":{"line":299,"column":14},"end":{"line":299,"column":15}},"loc":{"start":{"line":299,"column":30},"end":{"line":304,"column":3}},"line":299},"44":{"name":"(anonymous_44)","decl":{"start":{"line":301,"column":37},"end":{"line":301,"column":38}},"loc":{"start":{"line":301,"column":44},"end":{"line":301,"column":55}},"line":301},"45":{"name":"(anonymous_45)","decl":{"start":{"line":311,"column":23},"end":{"line":311,"column":24}},"loc":{"start":{"line":312,"column":10},"end":{"line":330,"column":16}},"line":312},"46":{"name":"(anonymous_46)","decl":{"start":{"line":315,"column":23},"end":{"line":315,"column":24}},"loc":{"start":{"line":315,"column":29},"end":{"line":315,"column":48}},"line":315},"47":{"name":"(anonymous_47)","decl":{"start":{"line":329,"column":29},"end":{"line":329,"column":30}},"loc":{"start":{"line":329,"column":35},"end":{"line":329,"column":44}},"line":329},"48":{"name":"(anonymous_48)","decl":{"start":{"line":334,"column":76},"end":{"line":334,"column":77}},"loc":{"start":{"line":334,"column":83},"end":{"line":334,"column":106}},"line":334},"49":{"name":"(anonymous_49)","decl":{"start":{"line":335,"column":73},"end":{"line":335,"column":74}},"loc":{"start":{"line":335,"column":80},"end":{"line":335,"column":106}},"line":335}},"branchMap":{"0":{"loc":{"start":{"line":46,"column":4},"end":{"line":46,"column":43}},"type":"if","locations":[{"start":{"line":46,"column":4},"end":{"line":46,"column":43}},{"start":{},"end":{}}],"line":46},"1":{"loc":{"start":{"line":48,"column":4},"end":{"line":48,"column":65}},"type":"if","locations":[{"start":{"line":48,"column":4},"end":{"line":48,"column":65}},{"start":{},"end":{}}],"line":48},"2":{"loc":{"start":{"line":52,"column":4},"end":{"line":52,"column":51}},"type":"if","locations":[{"start":{"line":52,"column":4},"end":{"line":52,"column":51}},{"start":{},"end":{}}],"line":52},"3":{"loc":{"start":{"line":54,"column":8},"end":{"line":58,"column":16}},"type":"if","locations":[{"start":{"line":54,"column":8},"end":{"line":58,"column":16}},{"start":{"line":56,"column":24},"end":{"line":58,"column":16}}],"line":54},"4":{"loc":{"start":{"line":55,"column":23},"end":{"line":55,"column":43}},"type":"cond-expr","locations":[{"start":{"line":55,"column":31},"end":{"line":55,"column":38}},{"start":{"line":55,"column":41},"end":{"line":55,"column":43}}],"line":55},"5":{"loc":{"start":{"line":60,"column":4},"end":{"line":60,"column":61}},"type":"if","locations":[{"start":{"line":60,"column":4},"end":{"line":60,"column":61}},{"start":{},"end":{}}],"line":60},"6":{"loc":{"start":{"line":67,"column":8},"end":{"line":71,"column":14}},"type":"if","locations":[{"start":{"line":67,"column":8},"end":{"line":71,"column":14}},{"start":{"line":69,"column":19},"end":{"line":71,"column":14}}],"line":67},"7":{"loc":{"start":{"line":84,"column":113},"end":{"line":84,"column":153}},"type":"cond-expr","locations":[{"start":{"line":84,"column":132},"end":{"line":84,"column":141}},{"start":{"line":84,"column":144},"end":{"line":84,"column":153}}],"line":84},"8":{"loc":{"start":{"line":84,"column":162},"end":{"line":84,"column":196}},"type":"cond-expr","locations":[{"start":{"line":84,"column":181},"end":{"line":84,"column":187}},{"start":{"line":84,"column":190},"end":{"line":84,"column":196}}],"line":84},"9":{"loc":{"start":{"line":85,"column":112},"end":{"line":85,"column":151}},"type":"cond-expr","locations":[{"start":{"line":85,"column":130},"end":{"line":85,"column":139}},{"start":{"line":85,"column":142},"end":{"line":85,"column":151}}],"line":85},"10":{"loc":{"start":{"line":85,"column":160},"end":{"line":85,"column":193}},"type":"cond-expr","locations":[{"start":{"line":85,"column":178},"end":{"line":85,"column":184}},{"start":{"line":85,"column":187},"end":{"line":85,"column":193}}],"line":85},"11":{"loc":{"start":{"line":88,"column":7},"end":{"line":122,"column":7}},"type":"cond-expr","locations":[{"start":{"line":89,"column":8},"end":{"line":89,"column":242}},{"start":{"line":91,"column":8},"end":{"line":121,"column":11}}],"line":88},"12":{"loc":{"start":{"line":100,"column":11},"end":{"line":118,"column":11}},"type":"binary-expr","locations":[{"start":{"line":100,"column":11},"end":{"line":100,"column":22}},{"start":{"line":100,"column":26},"end":{"line":100,"column":31}},{"start":{"line":101,"column":12},"end":{"line":117,"column":18}}],"line":100},"13":{"loc":{"start":{"line":111,"column":127},"end":{"line":111,"column":168}},"type":"cond-expr","locations":[{"start":{"line":111,"column":150},"end":{"line":111,"column":159}},{"start":{"line":111,"column":162},"end":{"line":111,"column":168}}],"line":111},"14":{"loc":{"start":{"line":112,"column":102},"end":{"line":112,"column":173}},"type":"cond-expr","locations":[{"start":{"line":112,"column":125},"end":{"line":112,"column":154}},{"start":{"line":112,"column":157},"end":{"line":112,"column":173}}],"line":112},"15":{"loc":{"start":{"line":120,"column":11},"end":{"line":120,"column":102}},"type":"binary-expr","locations":[{"start":{"line":120,"column":11},"end":{"line":120,"column":15}},{"start":{"line":120,"column":19},"end":{"line":120,"column":102}}],"line":120},"16":{"loc":{"start":{"line":128,"column":13},"end":{"line":128,"column":55}},"type":"cond-expr","locations":[{"start":{"line":128,"column":29},"end":{"line":128,"column":38}},{"start":{"line":128,"column":41},"end":{"line":128,"column":55}}],"line":128},"17":{"loc":{"start":{"line":132,"column":9},"end":{"line":132,"column":173}},"type":"binary-expr","locations":[{"start":{"line":132,"column":9},"end":{"line":132,"column":22}},{"start":{"line":132,"column":26},"end":{"line":132,"column":173}}],"line":132},"18":{"loc":{"start":{"line":137,"column":39},"end":{"line":137,"column":68}},"type":"binary-expr","locations":[{"start":{"line":137,"column":39},"end":{"line":137,"column":49}},{"start":{"line":137,"column":53},"end":{"line":137,"column":60}},{"start":{"line":137,"column":64},"end":{"line":137,"column":68}}],"line":137},"19":{"loc":{"start":{"line":137,"column":140},"end":{"line":137,"column":192}},"type":"cond-expr","locations":[{"start":{"line":137,"column":174},"end":{"line":137,"column":180}},{"start":{"line":137,"column":183},"end":{"line":137,"column":192}}],"line":137},"20":{"loc":{"start":{"line":137,"column":141},"end":{"line":137,"column":170}},"type":"binary-expr","locations":[{"start":{"line":137,"column":141},"end":{"line":137,"column":151}},{"start":{"line":137,"column":155},"end":{"line":137,"column":162}},{"start":{"line":137,"column":166},"end":{"line":137,"column":170}}],"line":137},"21":{"loc":{"start":{"line":137,"column":254},"end":{"line":137,"column":313}},"type":"cond-expr","locations":[{"start":{"line":137,"column":288},"end":{"line":137,"column":301}},{"start":{"line":137,"column":304},"end":{"line":137,"column":313}}],"line":137},"22":{"loc":{"start":{"line":137,"column":255},"end":{"line":137,"column":284}},"type":"binary-expr","locations":[{"start":{"line":137,"column":255},"end":{"line":137,"column":265}},{"start":{"line":137,"column":269},"end":{"line":137,"column":276}},{"start":{"line":137,"column":280},"end":{"line":137,"column":284}}],"line":137},"23":{"loc":{"start":{"line":138,"column":9},"end":{"line":138,"column":103}},"type":"cond-expr","locations":[{"start":{"line":138,"column":19},"end":{"line":138,"column":33}},{"start":{"line":138,"column":36},"end":{"line":138,"column":103}}],"line":138},"24":{"loc":{"start":{"line":138,"column":50},"end":{"line":138,"column":90}},"type":"cond-expr","locations":[{"start":{"line":138,"column":69},"end":{"line":138,"column":72}},{"start":{"line":138,"column":75},"end":{"line":138,"column":90}}],"line":138},"25":{"loc":{"start":{"line":153,"column":4},"end":{"line":153,"column":60}},"type":"if","locations":[{"start":{"line":153,"column":4},"end":{"line":153,"column":60}},{"start":{},"end":{}}],"line":153},"26":{"loc":{"start":{"line":153,"column":8},"end":{"line":153,"column":26}},"type":"binary-expr","locations":[{"start":{"line":153,"column":8},"end":{"line":153,"column":13}},{"start":{"line":153,"column":17},"end":{"line":153,"column":26}}],"line":153},"27":{"loc":{"start":{"line":155,"column":4},"end":{"line":155,"column":67}},"type":"if","locations":[{"start":{"line":155,"column":4},"end":{"line":155,"column":67}},{"start":{},"end":{}}],"line":155},"28":{"loc":{"start":{"line":177,"column":4},"end":{"line":177,"column":79}},"type":"if","locations":[{"start":{"line":177,"column":4},"end":{"line":177,"column":79}},{"start":{},"end":{}}],"line":177},"29":{"loc":{"start":{"line":179,"column":6},"end":{"line":179,"column":70}},"type":"cond-expr","locations":[{"start":{"line":179,"column":31},"end":{"line":179,"column":66}},{"start":{"line":179,"column":69},"end":{"line":179,"column":70}}],"line":179},"30":{"loc":{"start":{"line":188,"column":4},"end":{"line":188,"column":64}},"type":"if","locations":[{"start":{"line":188,"column":4},"end":{"line":188,"column":64}},{"start":{},"end":{}}],"line":188},"31":{"loc":{"start":{"line":189,"column":4},"end":{"line":189,"column":99}},"type":"if","locations":[{"start":{"line":189,"column":4},"end":{"line":189,"column":99}},{"start":{},"end":{}}],"line":189},"32":{"loc":{"start":{"line":199,"column":4},"end":{"line":199,"column":53}},"type":"if","locations":[{"start":{"line":199,"column":4},"end":{"line":199,"column":53}},{"start":{},"end":{}}],"line":199},"33":{"loc":{"start":{"line":209,"column":7},"end":{"line":279,"column":7}},"type":"cond-expr","locations":[{"start":{"line":210,"column":8},"end":{"line":249,"column":11}},{"start":{"line":251,"column":8},"end":{"line":278,"column":11}}],"line":209},"34":{"loc":{"start":{"line":289,"column":4},"end":{"line":289,"column":59}},"type":"if","locations":[{"start":{"line":289,"column":4},"end":{"line":289,"column":59}},{"start":{},"end":{}}],"line":289},"35":{"loc":{"start":{"line":289,"column":8},"end":{"line":289,"column":25}},"type":"binary-expr","locations":[{"start":{"line":289,"column":8},"end":{"line":289,"column":13}},{"start":{"line":289,"column":17},"end":{"line":289,"column":25}}],"line":289},"36":{"loc":{"start":{"line":300,"column":4},"end":{"line":300,"column":36}},"type":"if","locations":[{"start":{"line":300,"column":4},"end":{"line":300,"column":36}},{"start":{},"end":{}}],"line":300}},"s":{"0":7,"1":7,"2":7,"3":7,"4":7,"5":7,"6":7,"7":7,"8":7,"9":7,"10":7,"11":2,"12":2,"13":0,"14":2,"15":2,"16":0,"17":7,"18":1,"19":0,"20":1,"21":1,"22":0,"23":1,"24":0,"25":1,"26":1,"27":1,"28":1,"29":0,"30":0,"31":0,"32":1,"33":7,"34":0,"35":7,"36":0,"37":0,"38":2,"39":0,"40":0,"41":0,"42":0,"43":0,"44":0,"45":0,"46":0,"47":0,"48":0,"49":0,"50":0,"51":0,"52":2,"53":0,"54":0,"55":0,"56":0,"57":0,"58":0,"59":0,"60":0,"61":0,"62":0,"63":0,"64":0,"65":0,"66":0,"67":0,"68":0,"69":0,"70":0,"71":0,"72":0,"73":0,"74":0,"75":0,"76":0,"77":0,"78":0,"79":0,"80":0,"81":0,"82":0,"83":0,"84":0,"85":0,"86":0,"87":0,"88":0,"89":0,"90":0,"91":0,"92":0,"93":0,"94":0,"95":0,"96":0,"97":0,"98":0,"99":0,"100":0,"101":0,"102":0,"103":0,"104":0,"105":0,"106":0,"107":0,"108":0,"109":0,"110":0,"111":0,"112":0,"113":0,"114":0,"115":0,"116":0,"117":0,"118":0,"119":0,"120":0,"121":0,"122":0,"123":0,"124":0,"125":0,"126":0,"127":0,"128":0,"129":0,"130":0,"131":0,"132":0,"133":0,"134":0,"135":0,"136":0,"137":0,"138":0,"139":0,"140":0,"141":0},"f":{"0":7,"1":2,"2":1,"3":0,"4":0,"5":0,"6":2,"7":0,"8":0,"9":0,"10":0,"11":0,"12":0,"13":0,"14":0,"15":0,"16":0,"17":0,"18":2,"19":0,"20":0,"21":0,"22":0,"23":0,"24":0,"25":0,"26":0,"27":0,"28":0,"29":0,"30":0,"31":0,"32":0,"33":0,"34":0,"35":0,"36":0,"37":0,"38":0,"39":0,"40":0,"41":0,"42":0,"43":0,"44":0,"45":0,"46":0,"47":0,"48":0,"49":0},"b":{"0":[0,2],"1":[0,2],"2":[0,1],"3":[1,0],"4":[1,0],"5":[0,1],"6":[0,0],"7":[7,0],"8":[7,0],"9":[0,7],"10":[0,7],"11":[7,0],"12":[0,0,0],"13":[0,0],"14":[0,0],"15":[0,0],"16":[0,7],"17":[7,0],"18":[7,7,7],"19":[4,3],"20":[7,7,7],"21":[4,3],"22":[7,7,7],"23":[0,7],"24":[7,0],"25":[0,0],"26":[0,0],"27":[0,0],"28":[0,0],"29":[0,0],"30":[0,0],"31":[0,0],"32":[0,0],"33":[0,0],"34":[0,0],"35":[0,0],"36":[0,0]},"_coverageSchema":"1a1c01bbd47fc00a2c39e90264f33305004495a9","hash":"13ab810d89de4a42c54c40f0898f30ed91350b2a"}
}
