TN:
SF:src\hooks\useWhatsAppService.ts
FN:51,(anonymous_0)
FN:59,(anonymous_1)
FN:60,(anonymous_2)
FN:65,(anonymous_3)
FN:71,(anonymous_4)
FN:74,(anonymous_5)
FN:78,(anonymous_6)
FN:82,(anonymous_7)
FN:90,(anonymous_8)
FN:95,(anonymous_9)
FN:106,(anonymous_10)
FN:110,(anonymous_11)
FN:122,(anonymous_12)
FN:130,(anonymous_13)
FN:145,(anonymous_14)
FN:164,(anonymous_15)
FNF:16
FNH:9
FNDA:18,(anonymous_0)
FNDA:5,(anonymous_1)
FNDA:5,(anonymous_2)
FNDA:0,(anonymous_3)
FNDA:0,(anonymous_4)
FNDA:0,(anonymous_5)
FNDA:0,(anonymous_6)
FNDA:0,(anonymous_7)
FNDA:0,(anonymous_8)
FNDA:5,(anonymous_9)
FNDA:1,(anonymous_10)
FNDA:2,(anonymous_11)
FNDA:0,(anonymous_12)
FNDA:2,(anonymous_13)
FNDA:2,(anonymous_14)
FNDA:1,(anonymous_15)
DA:51,1
DA:52,18
DA:53,18
DA:54,18
DA:55,18
DA:56,18
DA:57,18
DA:59,18
DA:60,5
DA:61,5
DA:62,5
DA:63,5
DA:65,5
DA:66,0
DA:67,0
DA:68,0
DA:69,0
DA:71,5
DA:72,0
DA:74,5
DA:75,0
DA:76,0
DA:78,5
DA:79,0
DA:80,0
DA:82,5
DA:83,0
DA:84,0
DA:85,0
DA:86,0
DA:87,0
DA:88,0
DA:90,5
DA:91,0
DA:92,0
DA:93,0
DA:95,5
DA:96,5
DA:97,5
DA:98,5
DA:99,5
DA:100,5
DA:101,5
DA:102,5
DA:106,18
DA:107,1
DA:110,18
DA:111,2
DA:112,2
DA:113,2
DA:114,2
DA:115,1
DA:118,0
DA:122,18
DA:123,0
DA:124,0
DA:126,0
DA:130,18
DA:131,2
DA:132,2
DA:133,2
DA:134,2
DA:135,1
DA:136,0
DA:137,0
DA:140,1
DA:141,1
DA:145,18
DA:146,2
DA:147,2
DA:148,2
DA:149,2
DA:150,2
DA:151,2
DA:152,2
DA:153,0
DA:154,0
DA:155,0
DA:158,0
DA:159,0
DA:160,0
DA:164,18
DA:165,1
DA:166,1
DA:168,1
DA:169,1
DA:170,1
DA:174,18
LF:88
LH:58
BRDA:114,0,0,1
BRDA:114,0,1,1
BRDA:114,1,0,2
BRDA:114,1,1,1
BRDA:135,2,0,0
BRDA:135,2,1,1
BRDA:135,3,0,1
BRDA:135,3,1,0
BRDA:152,4,0,0
BRDA:152,4,1,2
BRDA:152,5,0,2
BRDA:152,5,1,0
BRF:12
BRH:8
end_of_record
TN:
SF:src\renderer\components\SingleMessage.tsx
FN:32,SingleMessage
FN:44,(anonymous_1)
FN:51,(anonymous_2)
FN:77,(anonymous_3)
FN:84,(anonymous_4)
FN:85,(anonymous_5)
FN:89,(anonymous_6)
FN:93,(anonymous_7)
FN:95,(anonymous_8)
FN:97,(anonymous_9)
FN:105,(anonymous_10)
FN:106,(anonymous_11)
FN:110,(anonymous_12)
FN:112,(anonymous_13)
FN:112,(anonymous_14)
FN:120,(anonymous_15)
FN:127,(anonymous_16)
FN:132,(anonymous_17)
FN:134,(anonymous_18)
FN:144,ContactManager
FN:152,(anonymous_20)
FN:154,(anonymous_21)
FN:154,(anonymous_22)
FN:165,(anonymous_23)
FN:170,(anonymous_24)
FN:176,(anonymous_25)
FN:178,(anonymous_26)
FN:187,(anonymous_27)
FN:194,(anonymous_28)
FN:195,(anonymous_29)
FN:198,(anonymous_30)
FN:200,(anonymous_31)
FN:212,(anonymous_32)
FN:221,(anonymous_33)
FN:231,(anonymous_34)
FN:234,(anonymous_35)
FN:252,(anonymous_36)
FN:253,(anonymous_37)
FN:260,(anonymous_38)
FN:264,(anonymous_39)
FN:267,(anonymous_40)
FN:284,TemplateManager
FN:288,(anonymous_42)
FN:299,(anonymous_43)
FN:301,(anonymous_44)
FN:311,(anonymous_45)
FN:315,(anonymous_46)
FN:329,(anonymous_47)
FN:334,(anonymous_48)
FN:335,(anonymous_49)
FNF:50
FNH:5
FNDA:7,SingleMessage
FNDA:2,(anonymous_1)
FNDA:1,(anonymous_2)
FNDA:0,(anonymous_3)
FNDA:0,(anonymous_4)
FNDA:0,(anonymous_5)
FNDA:2,(anonymous_6)
FNDA:0,(anonymous_7)
FNDA:0,(anonymous_8)
FNDA:0,(anonymous_9)
FNDA:0,(anonymous_10)
FNDA:0,(anonymous_11)
FNDA:0,(anonymous_12)
FNDA:0,(anonymous_13)
FNDA:0,(anonymous_14)
FNDA:0,(anonymous_15)
FNDA:0,(anonymous_16)
FNDA:0,(anonymous_17)
FNDA:2,(anonymous_18)
FNDA:0,ContactManager
FNDA:0,(anonymous_20)
FNDA:0,(anonymous_21)
FNDA:0,(anonymous_22)
FNDA:0,(anonymous_23)
FNDA:0,(anonymous_24)
FNDA:0,(anonymous_25)
FNDA:0,(anonymous_26)
FNDA:0,(anonymous_27)
FNDA:0,(anonymous_28)
FNDA:0,(anonymous_29)
FNDA:0,(anonymous_30)
FNDA:0,(anonymous_31)
FNDA:0,(anonymous_32)
FNDA:0,(anonymous_33)
FNDA:0,(anonymous_34)
FNDA:0,(anonymous_35)
FNDA:0,(anonymous_36)
FNDA:0,(anonymous_37)
FNDA:0,(anonymous_38)
FNDA:0,(anonymous_39)
FNDA:0,(anonymous_40)
FNDA:0,TemplateManager
FNDA:0,(anonymous_42)
FNDA:0,(anonymous_43)
FNDA:0,(anonymous_44)
FNDA:0,(anonymous_45)
FNDA:0,(anonymous_46)
FNDA:0,(anonymous_47)
FNDA:0,(anonymous_48)
FNDA:0,(anonymous_49)
DA:33,7
DA:34,7
DA:35,7
DA:36,7
DA:37,7
DA:38,7
DA:39,7
DA:40,7
DA:41,7
DA:42,7
DA:44,7
DA:45,2
DA:46,2
DA:47,2
DA:48,2
DA:51,7
DA:52,1
DA:54,1
DA:55,1
DA:57,0
DA:60,1
DA:61,1
DA:62,1
DA:64,1
DA:65,1
DA:67,0
DA:68,0
DA:70,0
DA:73,1
DA:77,7
DA:79,7
DA:84,0
DA:85,0
DA:89,2
DA:93,0
DA:95,0
DA:97,0
DA:105,0
DA:106,0
DA:111,0
DA:112,0
DA:120,0
DA:127,0
DA:132,0
DA:134,2
DA:145,0
DA:146,0
DA:147,0
DA:148,0
DA:149,0
DA:150,0
DA:152,0
DA:153,0
DA:154,0
DA:155,0
DA:156,0
DA:157,0
DA:158,0
DA:159,0
DA:160,0
DA:161,0
DA:162,0
DA:165,0
DA:166,0
DA:167,0
DA:170,0
DA:171,0
DA:172,0
DA:173,0
DA:176,0
DA:177,0
DA:178,0
DA:179,0
DA:181,0
DA:182,0
DA:183,0
DA:184,0
DA:187,0
DA:188,0
DA:189,0
DA:190,0
DA:191,0
DA:194,0
DA:195,0
DA:198,0
DA:199,0
DA:200,0
DA:201,0
DA:202,0
DA:205,0
DA:212,0
DA:221,0
DA:232,0
DA:234,0
DA:252,0
DA:253,0
DA:261,0
DA:264,0
DA:267,0
DA:285,0
DA:286,0
DA:288,0
DA:289,0
DA:290,0
DA:291,0
DA:292,0
DA:293,0
DA:294,0
DA:295,0
DA:296,0
DA:299,0
DA:300,0
DA:301,0
DA:302,0
DA:303,0
DA:306,0
DA:312,0
DA:315,0
DA:329,0
DA:334,0
DA:335,0
LF:121
LH:29
BRDA:46,0,0,0
BRDA:46,0,1,2
BRDA:48,1,0,0
BRDA:48,1,1,2
BRDA:52,2,0,0
BRDA:52,2,1,1
BRDA:54,3,0,1
BRDA:54,3,1,0
BRDA:55,4,0,1
BRDA:55,4,1,0
BRDA:60,5,0,0
BRDA:60,5,1,1
BRDA:67,6,0,0
BRDA:67,6,1,0
BRDA:84,7,0,7
BRDA:84,7,1,0
BRDA:84,8,0,7
BRDA:84,8,1,0
BRDA:85,9,0,0
BRDA:85,9,1,7
BRDA:85,10,0,0
BRDA:85,10,1,7
BRDA:88,11,0,7
BRDA:88,11,1,0
BRDA:100,12,0,0
BRDA:100,12,1,0
BRDA:100,12,2,0
BRDA:111,13,0,0
BRDA:111,13,1,0
BRDA:112,14,0,0
BRDA:112,14,1,0
BRDA:120,15,0,0
BRDA:120,15,1,0
BRDA:128,16,0,0
BRDA:128,16,1,7
BRDA:132,17,0,7
BRDA:132,17,1,0
BRDA:137,18,0,7
BRDA:137,18,1,7
BRDA:137,18,2,7
BRDA:137,19,0,4
BRDA:137,19,1,3
BRDA:137,20,0,7
BRDA:137,20,1,7
BRDA:137,20,2,7
BRDA:137,21,0,4
BRDA:137,21,1,3
BRDA:137,22,0,7
BRDA:137,22,1,7
BRDA:137,22,2,7
BRDA:138,23,0,0
BRDA:138,23,1,7
BRDA:138,24,0,7
BRDA:138,24,1,0
BRDA:153,25,0,0
BRDA:153,25,1,0
BRDA:153,26,0,0
BRDA:153,26,1,0
BRDA:155,27,0,0
BRDA:155,27,1,0
BRDA:177,28,0,0
BRDA:177,28,1,0
BRDA:179,29,0,0
BRDA:179,29,1,0
BRDA:188,30,0,0
BRDA:188,30,1,0
BRDA:189,31,0,0
BRDA:189,31,1,0
BRDA:199,32,0,0
BRDA:199,32,1,0
BRDA:209,33,0,0
BRDA:209,33,1,0
BRDA:289,34,0,0
BRDA:289,34,1,0
BRDA:289,35,0,0
BRDA:289,35,1,0
BRDA:300,36,0,0
BRDA:300,36,1,0
BRF:78
BRH:28
end_of_record
